<?xml version="1.0" encoding="UTF-8"?>
<!-- Generated by org.testng.reporters.JUnitReportReporter -->
<testsuite hostname="DESKTOP-2VOUIIE" failures="0" tests="2" name="demo_testng.SeleniumLoginTest" time="191.470" errors="0" timestamp="14 Jul 2021 16:08:26 GMT" skipped="0">
  <testcase classname="demo_testng.SeleniumLoginTest" name="test1_validLoginTest" time="146.458"/>
  <testcase classname="demo_testng.SeleniumLoginTest" name="test1_validLoginTest" time="45.012"/>
</testsuite> <!-- demo_testng.SeleniumLoginTest -->
