<?xml version="1.0" encoding="UTF-8"?>
<!-- Generated by org.testng.reporters.JUnitReportReporter -->
<testsuite hostname="DESKTOP-2VOUIIE" failures="0" tests="2" name="demo_testng.TestNG_SeleniumParametersParallelExample" time="123.544" errors="0" timestamp="11 Jul 2021 18:51:24 GMT" skipped="0">
  <testcase classname="demo_testng.TestNG_SeleniumParametersParallelExample" name="testLogin" time="44.810"/>
  <testcase classname="demo_testng.TestNG_SeleniumParametersParallelExample" name="testLogin" time="78.734"/>
</testsuite> <!-- demo_testng.TestNG_SeleniumParametersParallelExample -->
