<?xml version="1.0" encoding="UTF-8"?>
<!-- Generated by org.testng.reporters.JUnitReportReporter -->
<testsuite hostname="DESKTOP-2VOUIIE" failures="0" tests="3" name="demo_testng.NewTest2" time="0.004" errors="0" timestamp="2021-07-06T21:58:33 ALMT" skipped="0">
  <testcase classname="demo_testng.NewTest2" name="f" time="0.002"/>
  <system-out/>
  <testcase classname="demo_testng.NewTest2" name="h" time="0.001"/>
  <system-out/>
  <testcase classname="demo_testng.NewTest2" name="g" time="0.001"/>
  <system-out/>
</testsuite> <!-- demo_testng.NewTest2 -->
