<?xml version="1.0" encoding="UTF-8"?>
<!-- Generated by org.testng.reporters.JUnitReportReporter -->
<testsuite hostname="DESKTOP-2VOUIIE" failures="0" tests="1" name="demo_testng.FirefoxTest" time="4.995" errors="0" timestamp="2021-07-07T00:20:55 ALMT" skipped="0">
  <testcase classname="demo_testng.FirefoxTest" name="FirefoxTestMethod" time="4.995"/>
  <system-out/>
</testsuite> <!-- demo_testng.FirefoxTest -->
