<?xml version="1.0" encoding="UTF-8"?>
<!-- Generated by org.testng.reporters.JUnitReportReporter -->
<testsuite hostname="DESKTOP-2VOUIIE" failures="0" tests="2" name="demo_testng.TestNG_Parallel2" time="0.000" errors="0" timestamp="2021-07-07T00:11:54 ALMT" skipped="2">
  <testcase classname="demo_testng.TestNG_Parallel2" name="testMethod2" time="0.000">
    <skipped/>
  </testcase> <!-- testMethod2 -->
  <system-out/>
  <testcase classname="demo_testng.TestNG_Parallel2" name="testMethod1" time="0.000">
    <skipped/>
  </testcase> <!-- testMethod1 -->
  <system-out/>
</testsuite> <!-- demo_testng.TestNG_Parallel2 -->
