<?xml version="1.0" encoding="UTF-8"?>
<!-- Generated by org.testng.reporters.JUnitReportReporter -->
<testsuite hostname="DESKTOP-2VOUIIE" failures="0" tests="3" name="demo_testng.TestNG_DataProviders" time="0.005" errors="0" timestamp="2021-07-07T18:15:44 ALMT" skipped="0">
  <testcase classname="demo_testng.TestNG_DataProviders" name="testMethod1" time="0.001"/>
  <system-out/>
  <testcase classname="demo_testng.TestNG_DataProviders" name="testMethod1" time="0.000"/>
  <system-out/>
  <testcase classname="demo_testng.TestNG_DataProviders" name="testMethod1" time="0.004"/>
  <system-out/>
</testsuite> <!-- demo_testng.TestNG_DataProviders -->
