<?xml version="1.0" encoding="UTF-8"?>
<!-- Generated by org.testng.reporters.JUnitReportReporter -->
<testsuite hostname="DESKTOP-2VOUIIE" failures="0" tests="1" name="demo_testng.ChromeTest" time="5.045" errors="0" timestamp="2021-07-07T00:20:55 ALMT" skipped="0">
  <testcase classname="demo_testng.ChromeTest" name="ChromeTestMethod" time="5.045"/>
  <system-out/>
</testsuite> <!-- demo_testng.ChromeTest -->
