<?xml version="1.0" encoding="UTF-8"?>
<!-- Generated by org.testng.reporters.JUnitReportReporter -->
<testsuite hostname="DESKTOP-2VOUIIE" failures="0" tests="2" name="demo_testng.ParallelTest" time="14.771" errors="0" timestamp="2021-07-07T00:08:26 ALMT" skipped="0">
  <testcase classname="demo_testng.ParallelTest" name="ChromeTest" time="6.066"/>
  <system-out/>
  <testcase classname="demo_testng.ParallelTest" name="FirefoxTest" time="8.705"/>
  <system-out/>
</testsuite> <!-- demo_testng.ParallelTest -->
