<?xml version="1.0" encoding="UTF-8"?>
<!-- Generated by org.testng.reporters.JUnitReportReporter -->
<testsuite hostname="DESKTOP-2VOUIIE" failures="0" tests="2" name="demo_testng.TestNG_Parallel1" time="0.008" errors="0" timestamp="2021-07-06T23:00:19 ALMT" skipped="0">
  <testcase classname="demo_testng.TestNG_Parallel1" name="testMethod1" time="0.001"/>
  <system-out/>
  <testcase classname="demo_testng.TestNG_Parallel1" name="testMethod1" time="0.007"/>
  <system-out/>
</testsuite> <!-- demo_testng.TestNG_Parallel1 -->
